<?xml version="1.0" encoding="UTF-8"?>
<testng-results skipped="0" failed="0" total="2" passed="2">
  <reporter-output>
  </reporter-output>
  <suite name="Default suite" duration-ms="55060" started-at="2022-07-31T03:09:01Z" finished-at="2022-07-31T03:09:56Z">
    <groups>
    </groups>
    <test name="Default test" duration-ms="55060" started-at="2022-07-31T03:09:01Z" finished-at="2022-07-31T03:09:56Z">
      <class name="com.qa.MaySeleniumProject.LoginTest">
        <test-method status="PASS" signature="launchURL()[pri:0, instance:com.qa.MaySeleniumProject.LoginTest@653222]" name="launchURL" is-config="true" duration-ms="10892" started-at="2022-07-31T08:39:01Z" finished-at="2022-07-31T08:39:12Z">
          <reporter-output>
          </reporter-output>
        </test-method> <!-- launchURL -->
        <test-method status="PASS" signature="Search()[pri:0, instance:com.qa.MaySeleniumProject.LoginTest@653222]" name="Search" duration-ms="11579" started-at="2022-07-31T08:39:12Z" finished-at="2022-07-31T08:39:23Z">
          <reporter-output>
          </reporter-output>
        </test-method> <!-- Search -->
        <test-method status="PASS" signature="logout()[pri:0, instance:com.qa.MaySeleniumProject.LoginTest@653222]" name="logout" is-config="true" duration-ms="2171" started-at="2022-07-31T08:39:23Z" finished-at="2022-07-31T08:39:26Z">
          <reporter-output>
          </reporter-output>
        </test-method> <!-- logout -->
        <test-method status="PASS" signature="launchURL()[pri:0, instance:com.qa.MaySeleniumProject.LoginTest@653222]" name="launchURL" is-config="true" duration-ms="10007" started-at="2022-07-31T08:39:26Z" finished-at="2022-07-31T08:39:36Z">
          <reporter-output>
          </reporter-output>
        </test-method> <!-- launchURL -->
        <test-method status="PASS" signature="CarByke()[pri:1, instance:com.qa.MaySeleniumProject.LoginTest@653222]" name="CarByke" duration-ms="18288" started-at="2022-07-31T08:39:36Z" finished-at="2022-07-31T08:39:54Z">
          <reporter-output>
          </reporter-output>
        </test-method> <!-- CarByke -->
        <test-method status="PASS" signature="logout()[pri:0, instance:com.qa.MaySeleniumProject.LoginTest@653222]" name="logout" is-config="true" duration-ms="2088" started-at="2022-07-31T08:39:54Z" finished-at="2022-07-31T08:39:56Z">
          <reporter-output>
          </reporter-output>
        </test-method> <!-- logout -->
      </class> <!-- com.qa.MaySeleniumProject.LoginTest -->
    </test> <!-- Default test -->
  </suite> <!-- Default suite -->
</testng-results>
